# JRE version: Java(TM) SE Runtime Environment (17.0.10+11) (build 17.0.10+11-LTS-240)
# Java VM: Java HotSpot(TM) 64-Bit Server VM (17.0.10+11-LTS-240, mixed mode, sharing, tiered, compressed oops, compressed class ptrs, g1 gc, windows-amd64)
GC Precious Log:
 CPUs: 12 total, 12 available
 Memory: 7929M
 Large Page Support: Disabled
 NUMA Support: Disabled
 Compressed Oops: Enabled (32-bit)
 Heap Region Size: 1M
 Heap Min Capacity: 8M
 Heap Initial Capacity: 124M
 Heap Max Capacity: 1G
 Pre-touch: Disabled
 Parallel Workers: 10
 Concurrent Workers: 3
 Concurrent Refinement Workers: 10
 Periodic GC: Disabled
Heap:
 garbage-first heap   total 202752K, used 93296K [0x00000000c0000000, 0x0000000100000000)
  region size 1024K, 24 young (24576K), 8 survivors (8192K)
 Metaspace       used 136447K, committed 137536K, reserved 1179648K
  class space    used 17847K, committed 18368K, reserved 1048576K
GC Heap History (20 events):
Event: 64.193 GC heap before
{Heap before GC invocations=36 (full 0):
 garbage-first heap   total 202752K, used 176640K [0x00000000c0000000, 0x0000000100000000)
  region size 1024K, 99 young (101376K), 7 survivors (7168K)
 Metaspace       used 135868K, committed 136960K, reserved 1179648K
  class space    used 17832K, committed 18368K, reserved 1048576K
}
Event: 64.198 GC heap after
{Heap after GC invocations=37 (full 0):
 garbage-first heap   total 202752K, used 75671K [0x00000000c0000000, 0x0000000100000000)
  region size 1024K, 7 young (7168K), 7 survivors (7168K)
 Metaspace       used 135868K, committed 136960K, reserved 1179648K
  class space    used 17832K, committed 18368K, reserved 1048576K
}
Event: 81.371 GC heap before
{Heap before GC invocations=37 (full 0):
 garbage-first heap   total 202752K, used 171927K [0x00000000c0000000, 0x0000000100000000)
  region size 1024K, 101 young (103424K), 7 survivors (7168K)
 Metaspace       used 135910K, committed 137024K, reserved 1179648K
  class space    used 17837K, committed 18368K, reserved 1048576K
}
Event: 81.378 GC heap after
{Heap after GC invocations=38 (full 0):
 garbage-first heap   total 202752K, used 75325K [0x00000000c0000000, 0x0000000100000000)
  region size 1024K, 7 young (7168K), 7 survivors (7168K)
 Metaspace       used 135910K, committed 137024K, reserved 1179648K
  class space    used 17837K, committed 18368K, reserved 1048576K
}
Event: 99.367 GC heap before
{Heap before GC invocations=38 (full 0):
 garbage-first heap   total 202752K, used 172605K [0x00000000c0000000, 0x0000000100000000)
  region size 1024K, 102 young (104448K), 7 survivors (7168K)
 Metaspace       used 135919K, committed 137088K, reserved 1179648K
  class space    used 17837K, committed 18368K, reserved 1048576K
}
Event: 99.372 GC heap after
{Heap after GC invocations=39 (full 0):
 garbage-first heap   total 202752K, used 75652K [0x00000000c0000000, 0x0000000100000000)
  region size 1024K, 7 young (7168K), 7 survivors (7168K)
 Metaspace       used 135919K, committed 137088K, reserved 1179648K
  class space    used 17837K, committed 18368K, reserved 1048576K
}
Event: 117.505 GC heap before
{Heap before GC invocations=39 (full 0):
 garbage-first heap   total 202752K, used 173956K [0x00000000c0000000, 0x0000000100000000)
  region size 1024K, 103 young (105472K), 7 survivors (7168K)
 Metaspace       used 135929K, committed 137088K, reserved 1179648K
  class space    used 17839K, committed 18368K, reserved 1048576K
}
Event: 117.537 GC heap after
{Heap after GC invocations=40 (full 0):
 garbage-first heap   total 202752K, used 75520K [0x00000000c0000000, 0x0000000100000000)
  region size 1024K, 7 young (7168K), 7 survivors (7168K)
 Metaspace       used 135929K, committed 137088K, reserved 1179648K
  class space    used 17839K, committed 18368K, reserved 1048576K
}
Event: 120.595 GC heap before
{Heap before GC invocations=40 (full 0):
 garbage-first heap   total 202752K, used 96000K [0x00000000c0000000, 0x0000000100000000)
  region size 1024K, 28 young (28672K), 7 survivors (7168K)
 Metaspace       used 136115K, committed 137280K, reserved 1179648K
  class space    used 17841K, committed 18368K, reserved 1048576K
}
Event: 120.647 GC heap after
{Heap after GC invocations=41 (full 0):
 garbage-first heap   total 202752K, used 75529K [0x00000000c0000000, 0x0000000100000000)
  region size 1024K, 7 young (7168K), 7 survivors (7168K)
 Metaspace       used 136115K, committed 137280K, reserved 1179648K
  class space    used 17841K, committed 18368K, reserved 1048576K
}
Event: 121.474 GC heap before
{Heap before GC invocations=41 (full 0):
 garbage-first heap   total 202752K, used 86793K [0x00000000c0000000, 0x0000000100000000)
  region size 1024K, 14 young (14336K), 7 survivors (7168K)
 Metaspace       used 136191K, committed 137344K, reserved 1179648K
  class space    used 17842K, committed 18368K, reserved 1048576K
}
Event: 121.479 GC heap after
{Heap after GC invocations=42 (full 0):
 garbage-first heap   total 202752K, used 75687K [0x00000000c0000000, 0x0000000100000000)
  region size 1024K, 7 young (7168K), 7 survivors (7168K)
 Metaspace       used 136191K, committed 137344K, reserved 1179648K
  class space    used 17842K, committed 18368K, reserved 1048576K
}
Event: 138.415 GC heap before
{Heap before GC invocations=42 (full 0):
 garbage-first heap   total 202752K, used 170919K [0x00000000c0000000, 0x0000000100000000)
  region size 1024K, 98 young (100352K), 7 survivors (7168K)
 Metaspace       used 136243K, committed 137344K, reserved 1179648K
  class space    used 17846K, committed 18368K, reserved 1048576K
}
Event: 138.419 GC heap after
{Heap after GC invocations=43 (full 0):
 garbage-first heap   total 202752K, used 75678K [0x00000000c0000000, 0x0000000100000000)
  region size 1024K, 7 young (7168K), 7 survivors (7168K)
 Metaspace       used 136243K, committed 137344K, reserved 1179648K
  class space    used 17846K, committed 18368K, reserved 1048576K
}
Event: 156.070 GC heap before
{Heap before GC invocations=43 (full 0):
 garbage-first heap   total 202752K, used 171934K [0x00000000c0000000, 0x0000000100000000)
  region size 1024K, 101 young (103424K), 7 survivors (7168K)
 Metaspace       used 136257K, committed 137408K, reserved 1179648K
  class space    used 17846K, committed 18368K, reserved 1048576K
}
Event: 156.075 GC heap after
{Heap after GC invocations=44 (full 0):
 garbage-first heap   total 202752K, used 75272K [0x00000000c0000000, 0x0000000100000000)
  region size 1024K, 7 young (7168K), 7 survivors (7168K)
 Metaspace       used 136257K, committed 137408K, reserved 1179648K
  class space    used 17846K, committed 18368K, reserved 1048576K
}
Event: 180.744 GC heap before
{Heap before GC invocations=44 (full 0):
 garbage-first heap   total 202752K, used 172552K [0x00000000c0000000, 0x0000000100000000)
  region size 1024K, 102 young (104448K), 7 survivors (7168K)
 Metaspace       used 136264K, committed 137408K, reserved 1179648K
  class space    used 17846K, committed 18368K, reserved 1048576K
}
Event: 181.097 GC heap after
{Heap after GC invocations=45 (full 0):
 garbage-first heap   total 202752K, used 75561K [0x00000000c0000000, 0x0000000100000000)
  region size 1024K, 7 young (7168K), 7 survivors (7168K)
 Metaspace       used 136264K, committed 137408K, reserved 1179648K
  class space    used 17846K, committed 18368K, reserved 1048576K
}
Event: 198.737 GC heap before
{Heap before GC invocations=45 (full 0):
 garbage-first heap   total 202752K, used 97065K [0x00000000c0000000, 0x0000000100000000)
  region size 1024K, 24 young (24576K), 7 survivors (7168K)
 Metaspace       used 136427K, committed 137536K, reserved 1179648K
  class space    used 17847K, committed 18368K, reserved 1048576K
}
Event: 198.763 GC heap after
{Heap after GC invocations=46 (full 0):
 garbage-first heap   total 202752K, used 75888K [0x00000000c0000000, 0x0000000100000000)
  region size 1024K, 8 young (8192K), 8 survivors (8192K)
 Metaspace       used 136427K, committed 137536K, reserved 1179648K
  class space    used 17847K, committed 18368K, reserved 1048576K
}

